
ROM used:   702/8192 (9%)
            702/8192 (9%) including unused fragments

            0.8 Average locations per line
            4.3 Average locations per statement

RAM used:   33/368 (9%) at main() level
            35/368 (10%) worst case

Stack used: 3 worst case (2 in main + 1 for interrupts)
Stack size: 8

Lines Stmts  %   Files
----- ----- ---  -----
  272   163 100  program_433_mhz_12_kanal.c
  602     0   0  ..\..\..\..\..\Program Files (x86)\PICC\Devices\16F876.h
----- -----
  874   163 Total

Page ROM  %  RAM    Vol Diff  Functions:
---- --- --- ---    --- ----  ----------
0     21   3    1             @delay_ms1
0     35   5    0    127  3.4  RTCC_isr
0      6   1    0     22  1.2  EXT_isr
0     20   3    1    192  4.0  veri_al
0     15   2    1     88  1.7  role_aktiflestirme_islem_sonu
0     39   6    0     75  1.5  MAIN
0     28   4    0    270  1.9  mcu_init
0     22   3    0    130  1.8  ram_init
0    425  61    0   2769  6.4  role_ayarla
0     37   5    0    436  3.3  sistem_test
 Inline         0             @cinit1

Program metrics:
    Functions               9
    Statements              163
    Comments                250
    Volume (V)              5561
    Difficulty (D)          26.6
    Effort to implement (E) 147767
    Time to implement (T)   2 hours, 17 minutes
    Est Delivered Bugs (B)  1
    Cyclomatic Complexity   20
    Maintainability (MI)    138

 Segment     Used  Free
-----------  ----  ----
00000-00003     4  0  
00004-00035    50  0  
00036-007FF   648  1346  
00800-00FFF     0  2048  
01000-017FF     0  2048  
01800-01FFF     0  2048  



